<?xml version="1.0" encoding="UTF-8"?>
<testng-results ignored="0" total="2" passed="2" failed="0" skipped="0">
  <reporter-output>
  </reporter-output>
  <suite started-at="2022-10-12T14:22:46Z" name="Suite" finished-at="2022-10-12T14:22:47Z" duration-ms="1009">
    <groups>
    </groups>
    <test started-at="2022-10-12T14:22:46Z" name="Positive" finished-at="2022-10-12T14:22:47Z" duration-ms="1009">
      <class name="com.team.TeamValidate">
        <test-method is-config="true" signature="beforeSuite()[pri:0, instance:com.team.TeamValidate@51c693d]" started-at="2022-10-12T14:22:45Z" name="beforeSuite" finished-at="2022-10-12T14:22:46Z" duration-ms="320" status="PASS">
          <reporter-output>
          </reporter-output>
        </test-method> <!-- beforeSuite -->
        <test-method is-config="true" signature="beforeTest()[pri:0, instance:com.team.TeamValidate@51c693d]" started-at="2022-10-12T14:22:46Z" name="beforeTest" finished-at="2022-10-12T14:22:46Z" duration-ms="13" status="PASS">
          <reporter-output>
          </reporter-output>
        </test-method> <!-- beforeTest -->
        <test-method is-config="true" signature="beforeMethod(java.lang.reflect.Method)[pri:0, instance:com.team.TeamValidate@51c693d]" started-at="2022-10-12T14:22:46Z" name="beforeMethod" finished-at="2022-10-12T14:22:46Z" duration-ms="20" status="PASS">
          <params>
            <param index="0">
              <value>
                <![CDATA[public void com.team.TeamValidate.validateAtleastOneWK() throws java.io.IOException]]>
              </value>
            </param>
          </params>
          <reporter-output>
          </reporter-output>
        </test-method> <!-- beforeMethod -->
        <test-method signature="validateAtleastOneWK()[pri:0, instance:com.team.TeamValidate@51c693d]" started-at="2022-10-12T14:22:46Z" name="validateAtleastOneWK" finished-at="2022-10-12T14:22:46Z" duration-ms="211" status="PASS">
          <reporter-output>
          </reporter-output>
        </test-method> <!-- validateAtleastOneWK -->
        <test-method is-config="true" signature="tearDown(org.testng.ITestResult)[pri:0, instance:com.team.TeamValidate@51c693d]" started-at="2022-10-12T14:22:46Z" name="tearDown" finished-at="2022-10-12T14:22:47Z" duration-ms="540" status="PASS">
          <params>
            <param index="0">
              <value>
                <![CDATA[[TestResult name=validateAtleastOneWK status=SUCCESS method=TeamValidate.validateAtleastOneWK()[pri:0, instance:com.team.TeamValidate@51c693d] output={null}]]]>
              </value>
            </param>
          </params>
          <reporter-output>
          </reporter-output>
        </test-method> <!-- tearDown -->
        <test-method is-config="true" signature="beforeMethod(java.lang.reflect.Method)[pri:0, instance:com.team.TeamValidate@51c693d]" started-at="2022-10-12T14:22:47Z" name="beforeMethod" finished-at="2022-10-12T14:22:47Z" duration-ms="5" status="PASS">
          <params>
            <param index="0">
              <value>
                <![CDATA[public void com.team.TeamValidate.validateTeamWithForigenPlayer() throws java.io.IOException]]>
              </value>
            </param>
          </params>
          <reporter-output>
          </reporter-output>
        </test-method> <!-- beforeMethod -->
        <test-method signature="validateTeamWithForigenPlayer()[pri:0, instance:com.team.TeamValidate@51c693d]" started-at="2022-10-12T14:22:47Z" name="validateTeamWithForigenPlayer" finished-at="2022-10-12T14:22:47Z" duration-ms="4" status="PASS">
          <reporter-output>
          </reporter-output>
        </test-method> <!-- validateTeamWithForigenPlayer -->
        <test-method is-config="true" signature="tearDown(org.testng.ITestResult)[pri:0, instance:com.team.TeamValidate@51c693d]" started-at="2022-10-12T14:22:47Z" name="tearDown" finished-at="2022-10-12T14:22:47Z" duration-ms="171" status="PASS">
          <params>
            <param index="0">
              <value>
                <![CDATA[[TestResult name=validateTeamWithForigenPlayer status=SUCCESS method=TeamValidate.validateTeamWithForigenPlayer()[pri:0, instance:com.team.TeamValidate@51c693d] output={null}]]]>
              </value>
            </param>
          </params>
          <reporter-output>
          </reporter-output>
        </test-method> <!-- tearDown -->
      </class> <!-- com.team.TeamValidate -->
    </test> <!-- Positive -->
  </suite> <!-- Suite -->
</testng-results>
